<?xml version="1.0" encoding="UTF-8"?>
<!-- Generated by org.testng.reporters.JUnitReportReporter -->
<testsuite hostname="DESKTOP-4IL05V5" failures="0" tests="1" name="runner.CucumberRunner" time="14.294" errors="0" timestamp="2023-05-31T16:31:31 IST" skipped="0">
  <testcase classname="runner.CucumberRunner" name="runScenario" time="14.294"/>
  <system-out/>
</testsuite> <!-- runner.CucumberRunner -->
