<?xml version="1.0" encoding="UTF-8"?>
<!-- Generated by org.testng.reporters.JUnitReportReporter -->
<testsuite hostname="DESKTOP-4IL05V5" failures="0" tests="1" name="testingsheetrename.SalesForceCreateTask" time="41.210" errors="0" timestamp="2023-05-05T14:29:32 IST" skipped="0">
  <testcase classname="testingsheetrename.SalesForceCreateTask" name="runSalesForceCreateTask" time="41.210"/>
  <system-out/>
</testsuite> <!-- testingsheetrename.SalesForceCreateTask -->
