<?xml version="1.0" encoding="UTF-8"?>
<!-- Generated by org.testng.reporters.JUnitReportReporter -->
<testsuite hostname="DESKTOP-4IL05V5" failures="0" tests="1" name="backup.SalesForceOne" time="25.561" errors="0" timestamp="2023-05-04T14:20:45 IST" skipped="0">
  <testcase classname="backup.SalesForceOne" name="runSalesForceOne" time="25.561"/>
  <system-out/>
</testsuite> <!-- backup.SalesForceOne -->
