<?xml version="1.0" encoding="UTF-8"?>
<!-- Generated by org.testng.reporters.JUnitReportReporter -->
<testsuite hostname="DESKTOP-4IL05V5" failures="0" tests="1" name="marathon3.testCase.SalesForceOne" time="52.243" errors="0" timestamp="2023-05-04T13:50:30 IST" skipped="0">
  <testcase classname="marathon3.testCase.SalesForceOne" name="runSalesForceOne" time="52.243"/>
  <system-out/>
</testsuite> <!-- marathon3.testCase.SalesForceOne -->
